<?xml version="1.0" encoding="UTF-8"?>
<!-- Generated by org.testng.reporters.JUnitXMLReporter -->
<testsuite ignored="2" hostname="LAPTOP-0F05VLCN" failures="0" tests="1" name="Test(failed)(failed)" time="0.058" errors="0" timestamp="2023-01-20T22:01:39 IST">
  <testcase classname="testNGpack.Demo" name="Demo2" time="0.01"/>
  <testcase classname="testNGpack.Demo" name="Demo1" time="0.0">
    <ignored/>
  </testcase> <!-- Demo1 -->
  <testcase classname="testNGpack.Demo" name="Demo" time="0.0">
    <ignored/>
  </testcase> <!-- Demo -->
</testsuite> <!-- Test(failed)(failed) -->
