<?xml version="1.0" encoding="UTF-8"?>
<!-- Generated by org.testng.reporters.JUnitXMLReporter -->
<testsuite ignored="0" hostname="LAPTOP-0F05VLCN" failures="0" tests="9" name="Default test" time="0.09" errors="0" timestamp="2023-01-21T14:23:05 IST">
  <testcase classname="testNGPack2.PriorityClass" name="a" time="0.011"/>
  <testcase classname="testNGPack2.PriorityClass" name="b" time="0.001"/>
  <testcase classname="testNGPack2.PriorityClass" name="g" time="0.001"/>
  <testcase classname="testNGPack2.PriorityClass" name="i" time="0.0"/>
  <testcase classname="testNGPack2.PriorityClass" name="k" time="0.0"/>
  <testcase classname="testNGPack2.PriorityClass" name="h" time="0.001"/>
  <testcase classname="testNGPack2.PriorityClass" name="p" time="0.001"/>
  <testcase classname="testNGPack2.PriorityClass" name="z" time="0.001"/>
  <testcase classname="testNGPack2.PriorityClass" name="m" time="0.001"/>
</testsuite> <!-- Default test -->
